<?xml version="1.0" encoding="UTF-8" standalone="no"?><testsuite errors="0" failures="0" name="Realizar login aplicacion Acme demo" skipped="0" tests="9" time="40.03" timestamp="2023-05-30 08:24:36"><testcase name="Validar inicio de sesion Acme demo"/><testcase name="Validar numero de transacciones en el home"/><testcase name="Validar el total balance en el home"/><testcase name="Validar el credit avalible en el home"/><testcase name="Validar los valores positivos de la columna amount sean verdes"/><testcase name="Validar los valores negativos de la columna amount sean rojos"/><testcase name="Validar estado completado color verde"/><testcase name="Validar estado declinado color rojo"/><testcase name="Validar estado pendiente color amarillo"/></testsuite>